<?xml version="1.0" encoding="UTF-8"?>
<TestRun id="39a730db-7ff6-496e-9585-aea4c24971eb" name="nickjosevski@NICKJOSEVSKI-PC 2010-06-23 15:08:49" runUser="ACMELBDC\nickjosevski" xmlns="http://microsoft.com/schemas/VisualStudio/TeamTest/2010">
  <TestSettings name="Local" id="ad3a627b-704a-4180-b991-9a330ddb68f9">
    <Description>These are default test settings for a local test run.</Description>
    <Deployment enabled="false" runDeploymentRoot="nickjosevski_NICKJOSEVSKI-PC 2010-06-23 15_08_49">
      <DeploymentItem filename="C:\Users\nickjosevski.ACMELBDC\Development\My Dropbox\Development\WebFormEventModelExperiments\Logic\Logic\bin\Debug\Logic.dll" />
      <DeploymentItem filename="C:\Users\nickjosevski.ACMELBDC\Development\My Dropbox\Development\WebFormEventModelExperiments\Lib\WebFormsMvp.dll" />
      <DeploymentItem filename="C:\Users\nickjosevski.ACMELBDC\Development\My Dropbox\Development\WebFormEventModelExperiments\Lib\rihnomocks\Rhino.Mocks.dll" />
    </Deployment>
    <Execution>
      <TestTypeSpecific />
      <AgentRule name="Execution Agents">
      </AgentRule>
    </Execution>
  </TestSettings>
  <Times creation="2010-06-23T15:08:49.9153955+10:00" queuing="2010-06-23T15:08:50.0604100+10:00" start="2010-06-23T15:08:50.0684108+10:00" finish="2010-06-23T15:08:51.3705410+10:00" />
  <ResultSummary outcome="Completed">
    <Counters total="1" executed="1" passed="1" error="0" failed="0" timeout="0" aborted="0" inconclusive="0" passedButRunAborted="0" notRunnable="0" notExecuted="0" disconnected="0" warning="0" completed="0" inProgress="0" pending="0" />
  </ResultSummary>
  <TestDefinitions>
    <UnitTest name="ProductEditPresenter_PopulateViewModel_SuppliedIdExpectingEditMode" storage="c:\users\nickjosevski.acmelbdc\development\my dropbox\development\webformeventmodelexperiments\webformeventmodelexperiments.tests\bin\debug\webformeventmodelexperiments.tests.dll" id="a38a618f-50a6-3bda-05ee-38636028895c">
      <Execution id="15bc8628-3af8-4377-ad9d-12ac711e60f3" />
      <TestMethod codeBase="C:/Users/nickjosevski.ACMELBDC/Development/My Dropbox/Development/WebFormEventModelExperiments/WebFormEventModelExperiments.Tests/bin/Debug/WebFormEventModelExperiments.Tests.DLL" adapterTypeName="Microsoft.VisualStudio.TestTools.TestTypes.Unit.UnitTestAdapter, Microsoft.VisualStudio.QualityTools.Tips.UnitTest.Adapter, Version=10.0.0.0, Culture=neutral, PublicKeyToken=b03f5f7f11d50a3a" className="WebFormEventModelExperiments.Tests.ProductEditPresenterTests, WebFormEventModelExperiments.Tests, Version=1.0.0.0, Culture=neutral, PublicKeyToken=null" name="ProductEditPresenter_PopulateViewModel_SuppliedIdExpectingEditMode" />
    </UnitTest>
  </TestDefinitions>
  <TestLists>
    <TestList name="Results Not in a List" id="8c84fa94-04c1-424b-9868-57a2d4851a1d" />
    <TestList name="All Loaded Results" id="19431567-8539-422a-85d7-44ee4e166bda" />
  </TestLists>
  <TestEntries>
    <TestEntry testId="a38a618f-50a6-3bda-05ee-38636028895c" executionId="15bc8628-3af8-4377-ad9d-12ac711e60f3" testListId="8c84fa94-04c1-424b-9868-57a2d4851a1d" />
  </TestEntries>
  <Results>
    <UnitTestResult executionId="15bc8628-3af8-4377-ad9d-12ac711e60f3" testId="a38a618f-50a6-3bda-05ee-38636028895c" testName="ProductEditPresenter_PopulateViewModel_SuppliedIdExpectingEditMode" computerName="NICKJOSEVSKI-PC" duration="00:00:00.5798579" startTime="2010-06-23T15:08:50.0754115+10:00" endTime="2010-06-23T15:08:51.3475387+10:00" testType="13cdc9d9-ddb5-4fa4-a97d-d965ccfc6d4b" outcome="Passed" testListId="8c84fa94-04c1-424b-9868-57a2d4851a1d" relativeResultsDirectory="15bc8628-3af8-4377-ad9d-12ac711e60f3">
    </UnitTestResult>
  </Results>
</TestRun>