<?xml version="1.0" encoding="UTF-8"?>
<TestRun id="d14b07de-7070-4b91-93c3-973cf2134b92" name="nickjosevski@NICKJOSEVSKI-PC 2010-06-23 14:54:04" runUser="ACMELBDC\nickjosevski" xmlns="http://microsoft.com/schemas/VisualStudio/TeamTest/2010">
  <TestSettings name="Local" id="ad3a627b-704a-4180-b991-9a330ddb68f9">
    <Description>These are default test settings for a local test run.</Description>
    <Deployment enabled="false" runDeploymentRoot="nickjosevski_NICKJOSEVSKI-PC 2010-06-23 14_54_04">
      <DeploymentItem filename="C:\Users\nickjosevski.ACMELBDC\Development\My Dropbox\Development\WebFormEventModelExperiments\Logic\Logic\bin\Debug\Logic.dll" />
      <DeploymentItem filename="C:\Users\nickjosevski.ACMELBDC\Development\My Dropbox\Development\WebFormEventModelExperiments\Lib\WebFormsMvp.dll" />
      <DeploymentItem filename="C:\Users\nickjosevski.ACMELBDC\Development\My Dropbox\Development\WebFormEventModelExperiments\Lib\rihnomocks\Rhino.Mocks.dll" />
    </Deployment>
    <Execution>
      <TestTypeSpecific />
      <AgentRule name="Execution Agents">
      </AgentRule>
    </Execution>
  </TestSettings>
  <Times creation="2010-06-23T14:54:04.5638692+10:00" queuing="2010-06-23T14:54:04.9869115+10:00" start="2010-06-23T14:54:05.0939222+10:00" finish="2010-06-23T14:54:06.5410669+10:00" />
  <ResultSummary outcome="Failed">
    <Counters total="1" executed="1" error="0" failed="1" timeout="0" aborted="0" inconclusive="0" passedButRunAborted="0" notRunnable="0" notExecuted="0" disconnected="0" warning="0" passed="0" completed="0" inProgress="0" pending="0" />
  </ResultSummary>
  <TestDefinitions>
    <UnitTest name="ProductEditPresenter_PopulateViewModel_SuppliedIdExpectingEditMode" storage="c:\users\nickjosevski.acmelbdc\development\my dropbox\development\webformeventmodelexperiments\webformeventmodelexperiments.tests\bin\debug\webformeventmodelexperiments.tests.dll" id="a38a618f-50a6-3bda-05ee-38636028895c">
      <Execution id="88a48f65-02f9-435d-bca1-f5c5f789382b" />
      <TestMethod codeBase="C:/Users/nickjosevski.ACMELBDC/Development/My Dropbox/Development/WebFormEventModelExperiments/WebFormEventModelExperiments.Tests/bin/Debug/WebFormEventModelExperiments.Tests.DLL" adapterTypeName="Microsoft.VisualStudio.TestTools.TestTypes.Unit.UnitTestAdapter, Microsoft.VisualStudio.QualityTools.Tips.UnitTest.Adapter, Version=10.0.0.0, Culture=neutral, PublicKeyToken=b03f5f7f11d50a3a" className="WebFormEventModelExperiments.Tests.ProductEditPresenterTests, WebFormEventModelExperiments.Tests, Version=1.0.0.0, Culture=neutral, PublicKeyToken=null" name="ProductEditPresenter_PopulateViewModel_SuppliedIdExpectingEditMode" />
    </UnitTest>
  </TestDefinitions>
  <TestLists>
    <TestList name="Results Not in a List" id="8c84fa94-04c1-424b-9868-57a2d4851a1d" />
    <TestList name="All Loaded Results" id="19431567-8539-422a-85d7-44ee4e166bda" />
  </TestLists>
  <TestEntries>
    <TestEntry testId="a38a618f-50a6-3bda-05ee-38636028895c" executionId="88a48f65-02f9-435d-bca1-f5c5f789382b" testListId="8c84fa94-04c1-424b-9868-57a2d4851a1d" />
  </TestEntries>
  <Results>
    <UnitTestResult executionId="88a48f65-02f9-435d-bca1-f5c5f789382b" testId="a38a618f-50a6-3bda-05ee-38636028895c" testName="ProductEditPresenter_PopulateViewModel_SuppliedIdExpectingEditMode" computerName="NICKJOSEVSKI-PC" duration="00:00:00.6228568" startTime="2010-06-23T14:54:05.1699298+10:00" endTime="2010-06-23T14:54:06.5110639+10:00" testType="13cdc9d9-ddb5-4fa4-a97d-d965ccfc6d4b" outcome="Failed" testListId="8c84fa94-04c1-424b-9868-57a2d4851a1d" relativeResultsDirectory="88a48f65-02f9-435d-bca1-f5c5f789382b">
      <Output>
        <ErrorInfo>
          <Message>Test method WebFormEventModelExperiments.Tests.ProductEditPresenterTests.ProductEditPresenter_PopulateViewModel_SuppliedIdExpectingEditMode threw exception: 
System.NullReferenceException: Object reference not set to an instance of an object.</Message>
          <StackTrace>    at WebFormEventModelExperiments.Logic.Presenters.ProductEditPresenter.PopulateViewModel() in C:\Users\nickjosevski.ACMELBDC\Development\My Dropbox\Development\WebFormEventModelExperiments\Logic\Logic\Presenters\ProductEditPresenter.cs:line 69
   at WebFormEventModelExperiments.Tests.ProductEditPresenterTests.ProductEditPresenter_PopulateViewModel_SuppliedIdExpectingEditMode() in C:\Users\nickjosevski.ACMELBDC\Development\My Dropbox\Development\WebFormEventModelExperiments\WebFormEventModelExperiments.Tests\ProductEditPresenterTests.cs:line 113
</StackTrace>
        </ErrorInfo>
      </Output>
    </UnitTestResult>
  </Results>
</TestRun>